<?xml version="1.0" encoding="UTF-8"?>
<testng-results skipped="0" failed="0" ignored="0" total="1" passed="1">
  <reporter-output>
  </reporter-output>
  <suite name="Regression Suite" duration-ms="37056" started-at="2019-05-21T18:25:02Z" finished-at="2019-05-21T18:25:40Z">
    <groups>
    </groups>
    <test name="Qa Test" duration-ms="37056" started-at="2019-05-21T18:25:02Z" finished-at="2019-05-21T18:25:40Z">
      <class name="com.qa.testcases.TestSolution">
        <test-method status="PASS" signature="setup()[pri:0, instance:com.qa.testcases.TestSolution@214b199c]" name="setup" is-config="true" duration-ms="9507" started-at="2019-05-21T18:25:03Z" finished-at="2019-05-21T18:25:12Z">
          <reporter-output>
          </reporter-output>
        </test-method> <!-- setup -->
        <test-method status="PASS" signature="signInTest()[pri:0, instance:com.qa.testcases.TestSolution@214b199c]" name="signInTest" duration-ms="27341" started-at="2019-05-21T18:25:12Z" finished-at="2019-05-21T18:25:39Z">
          <reporter-output>
          </reporter-output>
        </test-method> <!-- signInTest -->
        <test-method status="PASS" signature="tearDown()[pri:0, instance:com.qa.testcases.TestSolution@214b199c]" name="tearDown" is-config="true" duration-ms="182" started-at="2019-05-21T18:25:39Z" finished-at="2019-05-21T18:25:40Z">
          <reporter-output>
          </reporter-output>
        </test-method> <!-- tearDown -->
      </class> <!-- com.qa.testcases.TestSolution -->
    </test> <!-- Qa Test -->
  </suite> <!-- Regression Suite -->
</testng-results>
