<?xml version="1.0" encoding="UTF-8"?>
<testng-results skipped="0" failed="0" ignored="0" total="1" passed="1">
  <reporter-output>
  </reporter-output>
  <suite name="Default suite" duration-ms="34322" started-at="2019-06-07T18:16:09Z" finished-at="2019-06-07T18:16:43Z">
    <groups>
    </groups>
    <test name="Default test" duration-ms="34322" started-at="2019-06-07T18:16:09Z" finished-at="2019-06-07T18:16:43Z">
      <class name="com.qa.testcases.TestSolution">
        <test-method status="PASS" signature="setup()[pri:0, instance:com.qa.testcases.TestSolution@1bce4f0a]" name="setup" is-config="true" duration-ms="9374" started-at="2019-06-07T18:16:09Z" finished-at="2019-06-07T18:16:18Z">
          <reporter-output>
          </reporter-output>
        </test-method> <!-- setup -->
        <test-method status="PASS" signature="signInTest()[pri:0, instance:com.qa.testcases.TestSolution@1bce4f0a]" name="signInTest" duration-ms="24719" started-at="2019-06-07T18:16:18Z" finished-at="2019-06-07T18:16:43Z">
          <reporter-output>
          </reporter-output>
        </test-method> <!-- signInTest -->
        <test-method status="PASS" signature="tearDown()[pri:0, instance:com.qa.testcases.TestSolution@1bce4f0a]" name="tearDown" is-config="true" duration-ms="198" started-at="2019-06-07T18:16:43Z" finished-at="2019-06-07T18:16:43Z">
          <reporter-output>
          </reporter-output>
        </test-method> <!-- tearDown -->
      </class> <!-- com.qa.testcases.TestSolution -->
    </test> <!-- Default test -->
  </suite> <!-- Default suite -->
</testng-results>
